0
0
0
12
12
12
12
25
25
25
25
38
38
38
38
50
50
50
50
63
63
63
63
76
76
76
76
88
88
88
88
101
101
101
114
114
114
123
123
123
118
118
118
118
114
114
114
109
109
109
105
105
105
100
100
100
96
96
96
96
91
91
91
91
87
87
87
87
82
82
82
82
78
78
78
78
73
73
73
73
69
69
69
69
64
64
64
64
60
60
60
55
55
55
55
51
51
51
51
46
46
46
46
42
42
42
42
37
37
37
37
37
37
37
37
37
37
37
37
37
37
37
37
37
37
37
37
37
37
37
37
37
37
37
37
37
37
37
37
37
37
37
37
37
37
37
37
37
37
37
37
37
37
37
37
37
37
37
37
37
37
37
36
36
36
36
34
34
34
34
32
32
32
32
30
30
30
30
28
28
28
28
26
26
26
26
25
25
25
25
23
23
23
23
21
21
21
21
19
19
19
19
17
17
17
17
15
15
15
15
13
13
13
12
12
12
12
10
10
10
10
8
8
8
8
8
8
6
6
6
6
6
4
4
4
4
4
2
2
2
2
2
0
0
0
0
0
0
12
12
12
12
25
25
25
25
38
38
38
38
50
50
50
50
63
63
63
76
76
76
76
88
88
88
88
101
101
101
101
114
114
114
123
123
123
118
118
118
114
114
114
109
109
109
105
105
105
100
100
100
100
96
96
96
91
91
91
91
87
87
87
87
82
82
82
82
78
78
78
78
73
73
73
73
69
69
69
69
64
64
64
64
60
60
60
60
55
55
55
55
51
51
51
51
46
46
46
46
42
42
42
37
37
37
37
37
37
37
37
37
37
37
37
37
37
37
37
37
37
37
37
37
37
37
37
37
37
37
37
37
37
37
37
37
37
37
37
37
37
37
37
37
37
37
37
37
37
37
37
37
37
37
37
37
37
37
36
36
36
36
34
34
34
34
32
32
32
32
30
30
30
30
28
28
28
28
26
26
26
26
25
25
25
25
23
23
23
23
21
21
21
21
19
19
19
19
17
17
17
17
15
15
15
15
13
13
13
12
12
12
12
10
10
10
10
8
8
8
8
8
6
6
6
6
6
6
4
4
4
4
4
2
2
2
2
2
0
0
0
